<?xml version="1.0" encoding="UTF-8"?>
<testng-results ignored="0" total="1" passed="1" failed="0" skipped="0">
  <reporter-output>
    <line>
      <![CDATA[Open Application]]>
    </line>
    <line>
      <![CDATA[Title not matched]]>
    </line>
    <line>
      <![CDATA[OrangeHRM - New Level of HR Management]]>
    </line>
    <line>
      <![CDATA[Login completed]]>
    </line>
    <line>
      <![CDATA[Title not matched]]>
    </line>
    <line>
      <![CDATA[OrangeHRM]]>
    </line>
    <line>
      <![CDATA[Logout Application]]>
    </line>
    <line>
      <![CDATA[Close Application]]>
    </line>
  </reporter-output>
  <suite started-at="2022-12-17T15:51:47 IST" name="Suite1" finished-at="2022-12-17T15:51:51 IST" duration-ms="3906">
    <groups>
    </groups>
    <test started-at="2022-12-17T15:51:47 IST" name="Nopackage" finished-at="2022-12-17T15:51:51 IST" duration-ms="3906">
      <class name="com.hrms.testscripts.TC001">
        <test-method signature="tc001()[pri:0, instance:com.hrms.testscripts.TC001@4a7f959b]" started-at="2022-12-17T15:51:47 IST" name="tc001" finished-at="2022-12-17T15:51:51 IST" duration-ms="3877" status="PASS">
          <reporter-output>
            <line>
              <![CDATA[Open Application]]>
            </line>
            <line>
              <![CDATA[Title not matched]]>
            </line>
            <line>
              <![CDATA[OrangeHRM - New Level of HR Management]]>
            </line>
            <line>
              <![CDATA[Login completed]]>
            </line>
            <line>
              <![CDATA[Title not matched]]>
            </line>
            <line>
              <![CDATA[OrangeHRM]]>
            </line>
            <line>
              <![CDATA[Logout Application]]>
            </line>
            <line>
              <![CDATA[Close Application]]>
            </line>
          </reporter-output>
        </test-method> <!-- tc001 -->
      </class> <!-- com.hrms.testscripts.TC001 -->
    </test> <!-- Nopackage -->
  </suite> <!-- Suite1 -->
</testng-results>
